Traceback (most recent call last):
  File "/home/hmbaghda/Projects/scLEMBAS/notebooks/test.py", line 84, in <module>
    sn_ppis = parse_network.load_network('omnipath', organism = 'mouse', static = True)
              ^^^^^^^^^^^^^^^^^^^^^^^^^^^^^^^^^^^^^^^^^^^^^^^^^^^^^^^^^^^^^^^^^^^^^^^^^
  File "/home/hmbaghda/Projects/scLEMBAS/scLEMBAS/parse_network.py", line 47, in load_network
    sn_ppis = pd.read_csv(ppi_link.replace('organism', organism), index_col = 0) 
              ^^^^^^^^^^^^^^^^^^^^^^^^^^^^^^^^^^^^^^^^^^^^^^^^^^^^^^^^^^^^^^^^^^
  File "/nobackup/users/hmbaghda/Software/miniforge3/envs/scLEMBAS/lib/python3.11/site-packages/pandas/io/parsers/readers.py", line 1026, in read_csv
    return _read(filepath_or_buffer, kwds)
           ^^^^^^^^^^^^^^^^^^^^^^^^^^^^^^^
  File "/nobackup/users/hmbaghda/Software/miniforge3/envs/scLEMBAS/lib/python3.11/site-packages/pandas/io/parsers/readers.py", line 620, in _read
    parser = TextFileReader(filepath_or_buffer, **kwds)
             ^^^^^^^^^^^^^^^^^^^^^^^^^^^^^^^^^^^^^^^^^^
  File "/nobackup/users/hmbaghda/Software/miniforge3/envs/scLEMBAS/lib/python3.11/site-packages/pandas/io/parsers/readers.py", line 1620, in __init__
    self._engine = self._make_engine(f, self.engine)
                   ^^^^^^^^^^^^^^^^^^^^^^^^^^^^^^^^^
  File "/nobackup/users/hmbaghda/Software/miniforge3/envs/scLEMBAS/lib/python3.11/site-packages/pandas/io/parsers/readers.py", line 1880, in _make_engine
    self.handles = get_handle(
                   ^^^^^^^^^^^
  File "/nobackup/users/hmbaghda/Software/miniforge3/envs/scLEMBAS/lib/python3.11/site-packages/pandas/io/common.py", line 728, in get_handle
    ioargs = _get_filepath_or_buffer(
             ^^^^^^^^^^^^^^^^^^^^^^^^
  File "/nobackup/users/hmbaghda/Software/miniforge3/envs/scLEMBAS/lib/python3.11/site-packages/pandas/io/common.py", line 389, in _get_filepath_or_buffer
    reader = BytesIO(req.read())
                     ^^^^^^^^^^
  File "/nobackup/users/hmbaghda/Software/miniforge3/envs/scLEMBAS/lib/python3.11/http/client.py", line 489, in read
    s = self._safe_read(self.length)
        ^^^^^^^^^^^^^^^^^^^^^^^^^^^^
  File "/nobackup/users/hmbaghda/Software/miniforge3/envs/scLEMBAS/lib/python3.11/http/client.py", line 640, in _safe_read
    raise IncompleteRead(data, amt-len(data))
http.client.IncompleteRead: IncompleteRead(12682484 bytes read, 24617 more expected)
