start

[KeOps] Warning : There were warnings or errors :
<stdin>:1:10: fatal error: cuda.h: No such file or directory
compilation terminated.

[KeOps] Warning : 
    The location of Cuda header files cuda.h and nvrtc.h could not be detected on your system.
    You must determine their location and then define the environment variable CUDA_PATH,
    either before launching Python or using os.environ before importing keops. For example
    if these files are in /vol/cuda/10.2.89-cudnn7.6.4.38/include you can do :
      import os
      os.environ['CUDA_PATH'] = '/vol/cuda/10.2.89-cudnn7.6.4.38'
    
[KeOps] Compiling cuda jit compiler engine ... 
[KeOps] Warning : There were warnings or errors :
/nobackup/users/hmbaghda/Software/miniforge3/envs/scLEMBAS/lib/python3.11/site-packages/keopscore/binders/nvrtc/nvrtc_jit.cpp:16:10: fatal error: cuda.h: No such file or directory
 #include <cuda.h>
          ^~~~~~~~
compilation terminated.

OK
[pyKeOps] Compiling nvrtc binder for python ... 
[KeOps] Warning : There were warnings or errors :
In file included from /nobackup/users/hmbaghda/Software/miniforge3/envs/scLEMBAS/lib/python3.11/site-packages/pykeops/common/keops_io/pykeops_nvrtc.cpp:8:
/nobackup/users/hmbaghda/Software/miniforge3/envs/scLEMBAS/lib/python3.11/site-packages/keopscore/binders/nvrtc/keops_nvrtc.cpp:17:10: fatal error: cuda.h: No such file or directory
 #include <cuda.h>
          ^~~~~~~~
compilation terminated.

OK
